<?xml version="1.0" encoding="UTF-8"?>
<!-- Generated by org.testng.reporters.JUnitReportReporter -->
<testsuite skipped="0" hostname="JHANSI-PC" name="screenshot.ScreenshotDemo_Test$ScreenshtTest" tests="3" failures="0" timestamp="15 Dec 2018 17:24:11 GMT" time="36.014" errors="0">
  <testcase name="Selection" time="9.019" classname="screenshot.ScreenshotDemo_Test$ScreenshtTest"/>
  <testcase name="Navigate" time="16.325" classname="screenshot.ScreenshotDemo_Test$ScreenshtTest"/>
  <testcase name="mouseOver" time="10.670" classname="screenshot.ScreenshotDemo_Test$ScreenshtTest"/>
</testsuite> <!-- screenshot.ScreenshotDemo_Test$ScreenshtTest -->
